Generated at 2016-02-05 15:14:28 -0600
AWS::EC2::Errors::VpcLimitExceeded: aws_vpc[niceguy] (no AWS object id) (@recipe_files::C:/Erick/Products/simple_server/chef-repo/provisioning/aws_cluster_provisioning.rb line 8) had an error: AWS::EC2::Errors::VpcLimitExceeded: The maximum number of VPCs has been reached.
C:/opscode/chefdk/embedded/lib/ruby/gems/2.1.0/gems/aws-sdk-v1-1.66.0/lib/aws/core/client.rb:375:in `return_or_raise'
C:/opscode/chefdk/embedded/lib/ruby/gems/2.1.0/gems/aws-sdk-v1-1.66.0/lib/aws/core/client.rb:476:in `client_request'
(eval):3:in `create_vpc'
C:/opscode/chefdk/embedded/lib/ruby/gems/2.1.0/gems/aws-sdk-v1-1.66.0/lib/aws/ec2/vpc_collection.rb:50:in `create'
C:/opscode/chefdk/embedded/lib/ruby/gems/2.1.0/gems/chef-provisioning-aws-1.6.1/lib/chef/provider/aws_vpc.rb:49:in `block in create_aws_object'
C:/opscode/chefdk/embedded/lib/ruby/gems/2.1.0/gems/chef-provisioning-aws-1.6.1/lib/chef/provisioning/aws_driver/aws_provider.rb:42:in `call'
C:/opscode/chefdk/embedded/lib/ruby/gems/2.1.0/gems/chef-provisioning-aws-1.6.1/lib/chef/provisioning/aws_driver/aws_provider.rb:42:in `block in converge_by'
C:/opscode/chefdk/embedded/lib/ruby/gems/2.1.0/gems/chef-12.5.1-universal-mingw32/lib/chef/mixin/why_run.rb:52:in `call'
C:/opscode/chefdk/embedded/lib/ruby/gems/2.1.0/gems/chef-12.5.1-universal-mingw32/lib/chef/mixin/why_run.rb:52:in `add_action'
C:/opscode/chefdk/embedded/lib/ruby/gems/2.1.0/gems/chef-12.5.1-universal-mingw32/lib/chef/provider.rb:175:in `converge_by'
C:/opscode/chefdk/embedded/lib/ruby/gems/2.1.0/gems/chef-provisioning-aws-1.6.1/lib/chef/provisioning/aws_driver/aws_provider.rb:41:in `converge_by'
C:/opscode/chefdk/embedded/lib/ruby/gems/2.1.0/gems/chef-provisioning-aws-1.6.1/lib/chef/provider/aws_vpc.rb:48:in `create_aws_object'
C:/opscode/chefdk/embedded/lib/ruby/gems/2.1.0/gems/chef-provisioning-aws-1.6.1/lib/chef/provisioning/aws_driver/aws_provider.rb:123:in `block in <class:AWSProvider>'
C:/opscode/chefdk/embedded/lib/ruby/gems/2.1.0/gems/chef-12.5.1-universal-mingw32/lib/chef/provider.rb:362:in `action_create'
C:/opscode/chefdk/embedded/lib/ruby/gems/2.1.0/gems/chef-provisioning-aws-1.6.1/lib/chef/provider/aws_vpc.rb:14:in `action_create'
C:/opscode/chefdk/embedded/lib/ruby/gems/2.1.0/gems/chef-12.5.1-universal-mingw32/lib/chef/provider.rb:144:in `run_action'
C:/opscode/chefdk/embedded/lib/ruby/gems/2.1.0/gems/chef-12.5.1-universal-mingw32/lib/chef/resource.rb:585:in `run_action'
C:/opscode/chefdk/embedded/lib/ruby/gems/2.1.0/gems/chef-12.5.1-universal-mingw32/lib/chef/runner.rb:49:in `run_action'
C:/opscode/chefdk/embedded/lib/ruby/gems/2.1.0/gems/chef-12.5.1-universal-mingw32/lib/chef/runner.rb:81:in `block (2 levels) in converge'
C:/opscode/chefdk/embedded/lib/ruby/gems/2.1.0/gems/chef-12.5.1-universal-mingw32/lib/chef/runner.rb:81:in `each'
C:/opscode/chefdk/embedded/lib/ruby/gems/2.1.0/gems/chef-12.5.1-universal-mingw32/lib/chef/runner.rb:81:in `block in converge'
C:/opscode/chefdk/embedded/lib/ruby/gems/2.1.0/gems/chef-12.5.1-universal-mingw32/lib/chef/resource_collection/resource_list.rb:83:in `block in execute_each_resource'
C:/opscode/chefdk/embedded/lib/ruby/gems/2.1.0/gems/chef-12.5.1-universal-mingw32/lib/chef/resource_collection/stepable_iterator.rb:116:in `call'
C:/opscode/chefdk/embedded/lib/ruby/gems/2.1.0/gems/chef-12.5.1-universal-mingw32/lib/chef/resource_collection/stepable_iterator.rb:116:in `call_iterator_block'
C:/opscode/chefdk/embedded/lib/ruby/gems/2.1.0/gems/chef-12.5.1-universal-mingw32/lib/chef/resource_collection/stepable_iterator.rb:85:in `step'
C:/opscode/chefdk/embedded/lib/ruby/gems/2.1.0/gems/chef-12.5.1-universal-mingw32/lib/chef/resource_collection/stepable_iterator.rb:104:in `iterate'
C:/opscode/chefdk/embedded/lib/ruby/gems/2.1.0/gems/chef-12.5.1-universal-mingw32/lib/chef/resource_collection/stepable_iterator.rb:55:in `each_with_index'
C:/opscode/chefdk/embedded/lib/ruby/gems/2.1.0/gems/chef-12.5.1-universal-mingw32/lib/chef/resource_collection/resource_list.rb:81:in `execute_each_resource'
C:/opscode/chefdk/embedded/lib/ruby/gems/2.1.0/gems/chef-12.5.1-universal-mingw32/lib/chef/runner.rb:80:in `converge'
C:/opscode/chefdk/embedded/lib/ruby/gems/2.1.0/gems/chef-12.5.1-universal-mingw32/lib/chef/client.rb:653:in `block in converge'
C:/opscode/chefdk/embedded/lib/ruby/gems/2.1.0/gems/chef-12.5.1-universal-mingw32/lib/chef/client.rb:648:in `catch'
C:/opscode/chefdk/embedded/lib/ruby/gems/2.1.0/gems/chef-12.5.1-universal-mingw32/lib/chef/client.rb:648:in `converge'
C:/opscode/chefdk/embedded/lib/ruby/gems/2.1.0/gems/chef-12.5.1-universal-mingw32/lib/chef/client.rb:687:in `converge_and_save'
C:/opscode/chefdk/embedded/lib/ruby/gems/2.1.0/gems/chef-12.5.1-universal-mingw32/lib/chef/client.rb:269:in `run'
C:/opscode/chefdk/embedded/lib/ruby/gems/2.1.0/gems/chef-12.5.1-universal-mingw32/lib/chef/application.rb:252:in `run_with_graceful_exit_option'
C:/opscode/chefdk/embedded/lib/ruby/gems/2.1.0/gems/chef-12.5.1-universal-mingw32/lib/chef/application.rb:229:in `block in run_chef_client'
C:/opscode/chefdk/embedded/lib/ruby/gems/2.1.0/gems/chef-12.5.1-universal-mingw32/lib/chef/local_mode.rb:44:in `with_server_connectivity'
C:/opscode/chefdk/embedded/lib/ruby/gems/2.1.0/gems/chef-12.5.1-universal-mingw32/lib/chef/application.rb:212:in `run_chef_client'
C:/opscode/chefdk/embedded/lib/ruby/gems/2.1.0/gems/chef-12.5.1-universal-mingw32/lib/chef/application/client.rb:408:in `block in interval_run_chef_client'
C:/opscode/chefdk/embedded/lib/ruby/gems/2.1.0/gems/chef-12.5.1-universal-mingw32/lib/chef/application/client.rb:398:in `loop'
C:/opscode/chefdk/embedded/lib/ruby/gems/2.1.0/gems/chef-12.5.1-universal-mingw32/lib/chef/application/client.rb:398:in `interval_run_chef_client'
C:/opscode/chefdk/embedded/lib/ruby/gems/2.1.0/gems/chef-12.5.1-universal-mingw32/lib/chef/application/client.rb:388:in `run_application'
C:/opscode/chefdk/embedded/lib/ruby/gems/2.1.0/gems/chef-12.5.1-universal-mingw32/lib/chef/application.rb:60:in `run'
C:/opscode/chefdk/embedded/lib/ruby/gems/2.1.0/gems/chef-12.5.1-universal-mingw32/bin/chef-client:26:in `<top (required)>'
C:/opscode/chefdk/bin/chef-client:64:in `load'
C:/opscode/chefdk/bin/chef-client:64:in `<main>'